<?xml version="1.0" encoding="UTF-8"?>
<!-- Generated by org.testng.reporters.JUnitXMLReporter -->
<testsuite hostname="User-PC" ignored="0" name="Default test" tests="6" failures="0" timestamp="2019-11-28T20:48:57 IST" time="4.958" errors="0">
  <testcase name="verifyShirtTitle" time="0.848" classname="mainspringapp.HomePageTest"/>
  <testcase name="verifyTitle" time="2.086" classname="mainspringapp.HomePageTest"/>
  <testcase name="verifyTshirt" time="0.313" classname="mainspringapp.HomePageTest"/>
  <testcase name="verifydressTitle" time="1.257" classname="mainspringapp.HomePageTest"/>
  <testcase name="verifydresstag" time="0.335" classname="mainspringapp.HomePageTest"/>
  <testcase name="verifywomentag" time="0.054" classname="mainspringapp.HomePageTest"/>
</testsuite> <!-- Default test -->
