<?xml version="1.0" encoding="UTF-8"?>
<testng-results skipped="0" failed="0" ignored="0" total="6" passed="6">
  <reporter-output>
  </reporter-output>
  <suite name="Default suite" duration-ms="4958" started-at="2019-11-28T20:48:52 IST" finished-at="2019-11-28T20:48:57 IST">
    <groups>
    </groups>
    <test name="Default test" duration-ms="4958" started-at="2019-11-28T20:48:52 IST" finished-at="2019-11-28T20:48:57 IST">
      <class name="mainspringapp.HomePageTest">
        <test-method status="PASS" signature="verifyShirtTitle()[pri:0, instance:mainspringapp.HomePageTest@15043a2f]" name="verifyShirtTitle" duration-ms="848" started-at="2019-11-28T20:48:52 IST" finished-at="2019-11-28T20:48:53 IST">
          <reporter-output>
          </reporter-output>
        </test-method> <!-- verifyShirtTitle -->
        <test-method status="PASS" signature="verifyTitle()[pri:0, instance:mainspringapp.HomePageTest@15043a2f]" name="verifyTitle" duration-ms="2086" started-at="2019-11-28T20:48:53 IST" finished-at="2019-11-28T20:48:55 IST">
          <reporter-output>
          </reporter-output>
        </test-method> <!-- verifyTitle -->
        <test-method status="PASS" signature="verifyTshirt()[pri:0, instance:mainspringapp.HomePageTest@15043a2f]" name="verifyTshirt" duration-ms="313" started-at="2019-11-28T20:48:55 IST" finished-at="2019-11-28T20:48:56 IST">
          <reporter-output>
          </reporter-output>
        </test-method> <!-- verifyTshirt -->
        <test-method status="PASS" signature="verifydressTitle()[pri:0, instance:mainspringapp.HomePageTest@15043a2f]" name="verifydressTitle" duration-ms="1257" started-at="2019-11-28T20:48:56 IST" finished-at="2019-11-28T20:48:57 IST">
          <reporter-output>
          </reporter-output>
        </test-method> <!-- verifydressTitle -->
        <test-method status="PASS" signature="verifydresstag()[pri:0, instance:mainspringapp.HomePageTest@15043a2f]" name="verifydresstag" duration-ms="335" started-at="2019-11-28T20:48:57 IST" finished-at="2019-11-28T20:48:57 IST">
          <reporter-output>
          </reporter-output>
        </test-method> <!-- verifydresstag -->
        <test-method status="PASS" signature="verifywomentag()[pri:0, instance:mainspringapp.HomePageTest@15043a2f]" name="verifywomentag" duration-ms="54" started-at="2019-11-28T20:48:57 IST" finished-at="2019-11-28T20:48:57 IST">
          <reporter-output>
          </reporter-output>
        </test-method> <!-- verifywomentag -->
      </class> <!-- mainspringapp.HomePageTest -->
    </test> <!-- Default test -->
  </suite> <!-- Default suite -->
</testng-results>
